<?xml version="1.0" encoding="UTF-8"?>
<!-- Generated by org.testng.reporters.JUnitXMLReporter -->
<testsuite hostname="kholodilova7e01" name="Default test" tests="4" failures="0" timestamp="23 May 2014 21:02:55 GMT" time="13.402" errors="0">
  <testcase name="testEmptyContactCreation" time="2.271" classname="com.example.tests.ContactCreationTest"/>
  <testcase name="testNonEmptyContactCreation" time="2.876" classname="com.example.tests.ContactCreationTest"/>
  <testcase name="testEmptyGroupCreation" time="1.073" classname="com.example.tests.GroupCreationTest"/>
  <testcase name="testNonEmptyGroupCreation" time="1.264" classname="com.example.tests.GroupCreationTest"/>
</testsuite> <!-- Default test -->
