<?xml version="1.0" encoding="UTF-8"?>
<!-- Generated by org.testng.reporters.JUnitXMLReporter -->
<testsuite hostname="kholodilova7e01" name="Default test" tests="4" failures="0" timestamp="20 May 2014 21:42:47 GMT" time="11.522" errors="0">
  <testcase name="testEmptyGroupCreation" time="1.545" classname="com.example.tests.GroupCreationTest"/>
  <testcase name="testNonEmptyGroupCreation" time="1.572" classname="com.example.tests.GroupCreationTest"/>
  <testcase name="testEmptyGroupCreation" time="1.168" classname="com.example.tests.CopyOfGroupCreationTest"/>
  <testcase name="testNonEmptyGroupCreation" time="1.137" classname="com.example.tests.CopyOfGroupCreationTest"/>
</testsuite> <!-- Default test -->
